Build started 11/9/2013 10:59:59 PM.
     1>Project "C:\Users\Angus\Documents\GitHub\libssh2\win32\libssh2.vcxproj" on node 2 (Build target(s)).
     1>ClCompile:
         C:\Program Files (x86)\Microsoft Visual Studio 12.0\VC\bin\CL.exe /c /I..\win32 /I..\include /ZI /nologo /W3 /WX- /Od /Oy- /D WIN32 /D _DEBUG /D LIBSSH2_WIN32 /D _LIB /D _VC80_UPGRADE=0x0600 /D _MBCS /Gm /EHsc /RTC1 /MDd /GS /Gy- /fp:precise /Zc:wchar_t /Zc:forScope /Fo".\Debug_lib\\" /Fd".\Debug_lib\vc120.pdb" /Gd /TC /analyze- /errorReport:prompt ..\src\agent.c ..\src\channel.c ..\src\comp.c ..\src\crypt.c ..\src\global.c ..\src\hostkey.c ..\src\keepalive.c ..\src\kex.c ..\src\knownhost.c ..\src\libgcrypt.c ..\src\mac.c ..\src\misc.c ..\src\openssl.c ..\src\packet.c ..\src\pem.c ..\src\publickey.c ..\src\scp.c ..\src\session.c ..\src\sftp.c ..\src\transport.c ..\src\userauth.c ..\src\version.c
         version.c
         userauth.c
         transport.c
         sftp.c
     1>c:\users\angus\documents\github\libssh2\src\sftp.c(1310): warning C4244: 'initializing' : conversion from 'libssh2_uint64_t' to 'size_t', possible loss of data
     1>c:\users\angus\documents\github\libssh2\src\sftp.c(1833): warning C4244: '=' : conversion from 'libssh2_uint64_t' to 'size_t', possible loss of data
     1>c:\users\angus\documents\github\libssh2\src\sftp.c(2755): warning C4244: '=' : conversion from 'libssh2_uint64_t' to 'unsigned int', possible loss of data
     1>c:\users\angus\documents\github\libssh2\src\sftp.c(2868): warning C4244: '=' : conversion from 'libssh2_uint64_t' to 'unsigned int', possible loss of data
         session.c
     1>c:\users\angus\documents\github\libssh2\src\session.c(1482): warning C4018: '>' : signed/unsigned mismatch
     1>c:\users\angus\documents\github\libssh2\src\session.c(1487): warning C4018: '>' : signed/unsigned mismatch
         scp.c
     1>c:\users\angus\documents\github\libssh2\src\scp.c(730): warning C4244: '=' : conversion from 'long' to 'unsigned short', possible loss of data
         publickey.c
         pem.c
         packet.c
         openssl.c
         misc.c
         mac.c
         libgcrypt.c
         knownhost.c
         kex.c
         keepalive.c
     1>c:\users\angus\documents\github\libssh2\src\keepalive.c(94): warning C4244: '=' : conversion from 'time_t' to 'int', possible loss of data
         hostkey.c
         global.c
         crypt.c
         comp.c
         Generating Code...
         Compiling...
         channel.c
         agent.c
         Generating Code...
     1>C:\Program Files (x86)\MSBuild\Microsoft.Cpp\v4.0\V120\Microsoft.CppBuild.targets(1354,5): warning MSB8012: TargetPath(C:\Users\Angus\Documents\GitHub\libssh2\win32\.\Debug_lib\libssh2.lib) does not match the Library's OutputFile property value (C:\Users\Angus\Documents\GitHub\libssh2\win32\Debug_lib\libssh2d.lib). This may cause your project to build incorrectly. To correct this, please make sure that $(OutDir), $(TargetName) and $(TargetExt) property values match the value specified in %(Lib.OutputFile).
     1>C:\Program Files (x86)\MSBuild\Microsoft.Cpp\v4.0\V120\Microsoft.CppBuild.targets(1356,5): warning MSB8012: TargetName(libssh2) does not match the Library's OutputFile property value (libssh2d). This may cause your project to build incorrectly. To correct this, please make sure that $(OutDir), $(TargetName) and $(TargetExt) property values match the value specified in %(Lib.OutputFile).
       Lib:
         C:\Program Files (x86)\Microsoft Visual Studio 12.0\VC\bin\Lib.exe /OUT:"Debug_lib\libssh2d.lib" /NOLOGO .\Debug_lib\agent.obj
         .\Debug_lib\channel.obj
         .\Debug_lib\comp.obj
         .\Debug_lib\crypt.obj
         .\Debug_lib\global.obj
         .\Debug_lib\hostkey.obj
         .\Debug_lib\keepalive.obj
         .\Debug_lib\kex.obj
         .\Debug_lib\knownhost.obj
         .\Debug_lib\libgcrypt.obj
         .\Debug_lib\mac.obj
         .\Debug_lib\misc.obj
         .\Debug_lib\openssl.obj
         .\Debug_lib\packet.obj
         .\Debug_lib\pem.obj
         .\Debug_lib\publickey.obj
         .\Debug_lib\scp.obj
         .\Debug_lib\session.obj
         .\Debug_lib\sftp.obj
         .\Debug_lib\transport.obj
         .\Debug_lib\userauth.obj
         .\Debug_lib\version.obj
         libssh2.vcxproj -> C:\Users\Angus\Documents\GitHub\libssh2\win32\.\Debug_lib\libssh2.lib
     1>Done Building Project "C:\Users\Angus\Documents\GitHub\libssh2\win32\libssh2.vcxproj" (Build target(s)).

Build succeeded.

Time Elapsed 00:00:07.39
