c:\users\angus\documents\github\libssh2\win32\debug_lib\vc120.pdb
c:\users\angus\documents\github\libssh2\win32\debug_lib\vc120.idb
c:\users\angus\documents\github\libssh2\win32\debug_lib\applink.obj
c:\users\angus\documents\github\libssh2\win32\debug_lib\comp.obj
c:\users\angus\documents\github\libssh2\win32\debug_lib\crypt.obj
c:\users\angus\documents\github\libssh2\win32\debug_lib\global.obj
c:\users\angus\documents\github\libssh2\win32\debug_lib\hostkey.obj
c:\users\angus\documents\github\libssh2\win32\debug_lib\keepalive.obj
c:\users\angus\documents\github\libssh2\win32\debug_lib\kex.obj
c:\users\angus\documents\github\libssh2\win32\debug_lib\knownhost.obj
c:\users\angus\documents\github\libssh2\win32\debug_lib\libgcrypt.obj
c:\users\angus\documents\github\libssh2\win32\debug_lib\mac.obj
c:\users\angus\documents\github\libssh2\win32\debug_lib\misc.obj
c:\users\angus\documents\github\libssh2\win32\debug_lib\openssl.obj
c:\users\angus\documents\github\libssh2\win32\debug_lib\packet.obj
c:\users\angus\documents\github\libssh2\win32\debug_lib\pem.obj
c:\users\angus\documents\github\libssh2\win32\debug_lib\publickey.obj
c:\users\angus\documents\github\libssh2\win32\debug_lib\scp.obj
c:\users\angus\documents\github\libssh2\win32\debug_lib\session.obj
c:\users\angus\documents\github\libssh2\win32\debug_lib\sftp.obj
c:\users\angus\documents\github\libssh2\win32\debug_lib\transport.obj
c:\users\angus\documents\github\libssh2\win32\debug_lib\userauth.obj
c:\users\angus\documents\github\libssh2\win32\debug_lib\version.obj
c:\users\angus\documents\github\libssh2\win32\debug_lib\agent.obj
c:\users\angus\documents\github\libssh2\win32\debug_lib\channel.obj
c:\users\angus\documents\github\libssh2\win32\debug_lib\libssh2d.lib
c:\users\angus\documents\github\libssh2\win32\debug_lib\libssh2.tlog\cl.command.1.tlog
c:\users\angus\documents\github\libssh2\win32\debug_lib\libssh2.tlog\cl.read.1.tlog
c:\users\angus\documents\github\libssh2\win32\debug_lib\libssh2.tlog\cl.write.1.tlog
c:\users\angus\documents\github\libssh2\win32\debug_lib\libssh2.tlog\lib-link.read.1.tlog
c:\users\angus\documents\github\libssh2\win32\debug_lib\libssh2.tlog\lib-link.write.1.tlog
c:\users\angus\documents\github\libssh2\win32\debug_lib\libssh2.tlog\lib.command.1.tlog
